Traceback (most recent call last):
  File "/home/ckikawa/.local/lib/python3.8/site-packages/conda/common/configuration.py", line 42, in <module>
    from cytoolz.dicttoolz import merge
ModuleNotFoundError: No module named 'cytoolz'

During handling of the above exception, another exception occurred:

Traceback (most recent call last):
  File "/home/ckikawa/.local/lib/python3.8/site-packages/conda/exceptions.py", line 626, in conda_exception_handler
    return_value = func(*args, **kwargs)
  File "/home/ckikawa/.local/lib/python3.8/site-packages/conda/cli/main.py", line 85, in _main
    from ..base.context import context
  File "/home/ckikawa/.local/lib/python3.8/site-packages/conda/base/context.py", line 21, in <module>
    from ..common.configuration import (Configuration, LoadError, MapParameter, PrimitiveParameter,
  File "/home/ckikawa/.local/lib/python3.8/site-packages/conda/common/configuration.py", line 47, in <module>
    from .._vendor.toolz.functoolz import excepts
  File "/home/ckikawa/.local/lib/python3.8/site-packages/conda/_vendor/toolz/functoolz.py", line 467
    f.__name__ for f in reversed((self.first,) + self.funcs),
    ^
SyntaxError: Generator expression must be parenthesized

During handling of the above exception, another exception occurred:

Traceback (most recent call last):
  File "/home/ckikawa/.local/lib/python3.8/site-packages/conda/common/configuration.py", line 42, in <module>
    from cytoolz.dicttoolz import merge
ModuleNotFoundError: No module named 'cytoolz'

During handling of the above exception, another exception occurred:

Traceback (most recent call last):
  File "/fh/fast/bloom_j/software/miniconda3/bin/conda", line 13, in <module>
    sys.exit(main())
  File "/home/ckikawa/.local/lib/python3.8/site-packages/conda/cli/main.py", line 162, in main
    return conda_exception_handler(_main, *args)
  File "/home/ckikawa/.local/lib/python3.8/site-packages/conda/exceptions.py", line 630, in conda_exception_handler
    return handle_exception(e)
  File "/home/ckikawa/.local/lib/python3.8/site-packages/conda/exceptions.py", line 620, in handle_exception
    print_unexpected_error_message(e)
  File "/home/ckikawa/.local/lib/python3.8/site-packages/conda/exceptions.py", line 561, in print_unexpected_error_message
    from conda.base.context import context
  File "/home/ckikawa/.local/lib/python3.8/site-packages/conda/base/context.py", line 21, in <module>
    from ..common.configuration import (Configuration, LoadError, MapParameter, PrimitiveParameter,
  File "/home/ckikawa/.local/lib/python3.8/site-packages/conda/common/configuration.py", line 47, in <module>
    from .._vendor.toolz.functoolz import excepts
  File "/home/ckikawa/.local/lib/python3.8/site-packages/conda/_vendor/toolz/functoolz.py", line 467
    f.__name__ for f in reversed((self.first,) + self.funcs),
    ^
SyntaxError: Generator expression must be parenthesized
Building DAG of jobs...
Using shell: /bin/bash
Provided cores: 72
Rules claiming more threads will be scaled down.
Conda environments: ignored
Job stats:
job                  count    min threads    max threads
-----------------  -------  -------------  -------------
all                      1              1              1
cat_dms_view             1              1              1
dms_tile_analysis        8             72             72
jupnb_to_md              8              1              1
total                   18              1             72


[Wed May 11 09:08:30 2022]
rule dms_tile_analysis:
    input: data/tile_1_amplicon.fasta, data/tile_1_subamplicon_alignspecs.txt, data/tile_1_samplelist.csv
    output: results/tile_1, results/tile_1/dms_view/data.csv
    log: results/notebooks/dms_tile_1_analysis.ipynb
    jobid: 1
    wildcards: tile=tile_1
    threads: 72
    resources: tmpdir=/loc/scratch/55505185

[NbConvertApp] ERROR | Notebook JSON is invalid: data must be valid exactly by one of oneOf definition

Failed validating <unset> in notebook:

On instance:
<unset>
Traceback (most recent call last):
  File "/home/ckikawa/.conda/envs/ZIKV_DMS_NS5_EvansLab/bin/jupyter-nbconvert", line 10, in <module>
    sys.exit(main())
  File "/home/ckikawa/.conda/envs/ZIKV_DMS_NS5_EvansLab/lib/python3.8/site-packages/jupyter_core/application.py", line 264, in launch_instance
    return super(JupyterApp, cls).launch_instance(argv=argv, **kwargs)
  File "/home/ckikawa/.conda/envs/ZIKV_DMS_NS5_EvansLab/lib/python3.8/site-packages/traitlets/config/application.py", line 846, in launch_instance
    app.start()
  File "/home/ckikawa/.conda/envs/ZIKV_DMS_NS5_EvansLab/lib/python3.8/site-packages/nbconvert/nbconvertapp.py", line 414, in start
    self.convert_notebooks()
  File "/home/ckikawa/.conda/envs/ZIKV_DMS_NS5_EvansLab/lib/python3.8/site-packages/nbconvert/nbconvertapp.py", line 588, in convert_notebooks
    self.convert_single_notebook(notebook_filename)
  File "/home/ckikawa/.conda/envs/ZIKV_DMS_NS5_EvansLab/lib/python3.8/site-packages/nbconvert/nbconvertapp.py", line 551, in convert_single_notebook
    output, resources = self.export_single_notebook(
  File "/home/ckikawa/.conda/envs/ZIKV_DMS_NS5_EvansLab/lib/python3.8/site-packages/nbconvert/nbconvertapp.py", line 479, in export_single_notebook
    output, resources = self.exporter.from_filename(
  File "/home/ckikawa/.conda/envs/ZIKV_DMS_NS5_EvansLab/lib/python3.8/site-packages/nbconvert/exporters/exporter.py", line 189, in from_filename
    return self.from_file(f, resources=resources, **kw)
  File "/home/ckikawa/.conda/envs/ZIKV_DMS_NS5_EvansLab/lib/python3.8/site-packages/nbconvert/exporters/exporter.py", line 206, in from_file
    return self.from_notebook_node(
  File "/home/ckikawa/.conda/envs/ZIKV_DMS_NS5_EvansLab/lib/python3.8/site-packages/nbconvert/exporters/notebook.py", line 35, in from_notebook_node
    nb_copy, resources = super().from_notebook_node(nb, resources, **kw)
  File "/home/ckikawa/.conda/envs/ZIKV_DMS_NS5_EvansLab/lib/python3.8/site-packages/nbconvert/exporters/exporter.py", line 146, in from_notebook_node
    nb_copy, resources = self._preprocess(nb_copy, resources)
  File "/home/ckikawa/.conda/envs/ZIKV_DMS_NS5_EvansLab/lib/python3.8/site-packages/nbconvert/exporters/exporter.py", line 335, in _preprocess
    nbc, resc = preprocessor(nbc, resc)
  File "/home/ckikawa/.conda/envs/ZIKV_DMS_NS5_EvansLab/lib/python3.8/site-packages/nbconvert/preprocessors/base.py", line 47, in __call__
    return self.preprocess(nb, resources)
  File "/home/ckikawa/.conda/envs/ZIKV_DMS_NS5_EvansLab/lib/python3.8/site-packages/nbconvert/preprocessors/execute.py", line 89, in preprocess
    self.preprocess_cell(cell, resources, index)
  File "/home/ckikawa/.conda/envs/ZIKV_DMS_NS5_EvansLab/lib/python3.8/site-packages/nbconvert/preprocessors/execute.py", line 110, in preprocess_cell
    cell = self.execute_cell(cell, index, store_history=True)
  File "/home/ckikawa/.conda/envs/ZIKV_DMS_NS5_EvansLab/lib/python3.8/site-packages/nbclient/util.py", line 84, in wrapped
    return just_run(coro(*args, **kwargs))
  File "/home/ckikawa/.conda/envs/ZIKV_DMS_NS5_EvansLab/lib/python3.8/site-packages/nbclient/util.py", line 62, in just_run
    return loop.run_until_complete(coro)
  File "/home/ckikawa/.conda/envs/ZIKV_DMS_NS5_EvansLab/lib/python3.8/asyncio/base_events.py", line 616, in run_until_complete
    return future.result()
  File "/home/ckikawa/.conda/envs/ZIKV_DMS_NS5_EvansLab/lib/python3.8/site-packages/nbclient/client.py", line 1010, in async_execute_cell
    await self._check_raise_for_error(cell, cell_index, exec_reply)
  File "/home/ckikawa/.conda/envs/ZIKV_DMS_NS5_EvansLab/lib/python3.8/site-packages/nbclient/client.py", line 904, in _check_raise_for_error
    raise CellExecutionError.from_cell_and_msg(cell, exec_reply_content)
nbclient.exceptions.CellExecutionError: An error occurred while executing the following cell:
------------------
countsdir = os.path.join(resultsdir, 'codoncounts')
os.makedirs(countsdir, exist_ok=True)

bcsubamp_batchfile = os.path.join(countsdir, 'batch.csv')
samples[['name', 'R1']].to_csv(bcsubamp_batchfile, index=False)

log = ! dms2_batch_bcsubamp \
        --batchfile {bcsubamp_batchfile} \
        --refseq {refseqfile} \
        --alignspecs {alignspecs} \
        --outdir {countsdir} \
        --summaryprefix summary \
        --R1trim 210 \
        --R2trim 210 \
        --ncpus {ncpus} \
        --use_existing {use_existing}

samples['codoncounts'] = countsdir + '/' + samples['name'] + '_codoncounts.csv'

# check that expected codon counts files created
assert all(map(os.path.isfile, samples.codoncounts)), '\n'.join(log)

print(f"Processed sequencing data to create codon counts files in {countsdir}")
------------------

[0;31m---------------------------------------------------------------------------[0m
[0;31mAssertionError[0m                            Traceback (most recent call last)
Input [0;32mIn [8][0m, in [0;36m<cell line: 12>[0;34m()[0m
[1;32m      9[0m samples[[38;5;124m'[39m[38;5;124mcodoncounts[39m[38;5;124m'[39m] [38;5;241m=[39m countsdir [38;5;241m+[39m [38;5;124m'[39m[38;5;124m/[39m[38;5;124m'[39m [38;5;241m+[39m samples[[38;5;124m'[39m[38;5;124mname[39m[38;5;124m'[39m] [38;5;241m+[39m [38;5;124m'[39m[38;5;124m_codoncounts.csv[39m[38;5;124m'[39m
[1;32m     11[0m [38;5;66;03m# check that expected codon counts files created[39;00m
[0;32m---> 12[0m [38;5;28;01massert[39;00m [38;5;28mall[39m([38;5;28mmap[39m(os[38;5;241m.[39mpath[38;5;241m.[39misfile, samples[38;5;241m.[39mcodoncounts)), [38;5;124m'[39m[38;5;130;01m\n[39;00m[38;5;124m'[39m[38;5;241m.[39mjoin(log)
[1;32m     14[0m [38;5;28mprint[39m([38;5;124mf[39m[38;5;124m"[39m[38;5;124mProcessed sequencing data to create codon counts files in [39m[38;5;132;01m{[39;00mcountsdir[38;5;132;01m}[39;00m[38;5;124m"[39m)

[0;31mAssertionError[0m: INFO:dms2_batch_bcsubamp:Beginning execution of dms2_batch_bcsubamp in directory /fh/fast/bloom_j/computational_notebooks/ckikawa/2022/ZIKV_DMS_NS5_EvansLab

INFO:dms2_batch_bcsubamp:Progress is being logged to results/tile_1/codoncounts/summary.log
INFO:dms2_batch_bcsubamp:Version information:
	Time and date: Wed May 11 09:09:37 2022
	Platform: Linux-4.15.0-136-generic-x86_64-with-glibc2.10
	Python version: 3.8.13 | packaged by conda-forge | (default, Mar 25 2022, 06:04:10)  [GCC 10.3.0]
	dms_tools2 version: 2.6.10
	Bio version: 1.79
	pandas version: 0.25.3
	numpy version: 1.19.5
	IPython version: 8.3.0
	jupyter version: 1.0.0
	matplotlib version: 3.2.2
	plotnine version: 0.6.0
	natsort version: 8.1.0
	pystan version: 2.19.1.1
	scipy version: 1.5.2
	seaborn version: 0.10.1
	phydmslib version: 2.4.1
	statsmodels version: 0.11.1
	rpy2 cannot be imported
	regex version: 2.5.114
	umi_tools version: 1.1.2

INFO:dms2_batch_bcsubamp:Parsed the following arguments:
	outdir = results/tile_1/codoncounts
	ncpus = 72
	use_existing = yes
	refseq = data/tile_1_amplicon.fasta
	alignspecs = ['1,333,30,30']
	bclen = 8
	fastqdir = None
	R2 = None
	R1trim = [210]
	R2trim = [210]
	bclen2 = None
	chartype = codon
	maxmuts = 4
	minq = 15
	minreads = 2
	minfraccall = 0.95
	minconcur = 0.75
	sitemask = None
	purgeread = 0
	purgebc = 0
	bcinfo = False
	bcinfo_csv = False
	batchfile = results/tile_1/codoncounts/batch.csv
	summaryprefix = summary

INFO:dms2_batch_bcsubamp:Parsing sample info from results/tile_1/codoncounts/batch.csv
INFO:dms2_batch_bcsubamp:Read the following sample information:
name,R1
wt-plasmid-201112,/shared/ngs/illumina/bloom_lab/201112_M04866_0426_000000000-JBYVJ_new-demux/Data/Intensities/BaseCalls/BR-WT-plasmid_S5_L001_R1_001.fastq.gz
lib1-plasmid-201112,/shared/ngs/illumina/bloom_lab/201112_M04866_0426_000000000-JBYVJ_new-demux/Data/Intensities/BaseCalls/BR-Lib1-plasmid_S6_L001_R1_001.fastq.gz
lib2-plasmid-201112,/shared/ngs/illumina/bloom_lab/201112_M04866_0426_000000000-JBYVJ_new-demux/Data/Intensities/BaseCalls/BR-Lib2-plasmid_S7_L001_R1_001.fastq.gz
lib3-plasmid-201112,/shared/ngs/illumina/bloom_lab/201112_M04866_0426_000000000-JBYVJ_new-demux/Data/Intensities/BaseCalls/BR-Lib3-plasmid_S8_L001_R1_001.fastq.gz
wt-Huh-7.5-201112,/shared/ngs/illumina/bloom_lab/201112_M04866_0426_000000000-JBYVJ_new-demux/Data/Intensities/BaseCalls/BR-WT-No-IFN_S9_L001_R1_001.fastq.gz
lib1-Huh-7.5-201112,/shared/ngs/illumina/bloom_lab/201112_M04866_0426_000000000-JBYVJ_new-demux/Data/Intensities/BaseCalls/BR-Lib1-No-IFN_S10_L001_R1_001.fastq.gz
lib2-Huh-7.5-201112,/shared/ngs/illumina/bloom_lab/201112_M04866_0426_000000000-JBYVJ_new-demux/Data/Intensities/BaseCalls/BR-Lib2-No-IFN_S11_L001_R1_001.fastq.gz
lib3-Huh-7.5-201112,/shared/ngs/illumina/bloom_lab/201112_M04866_0426_000000000-JBYVJ_new-demux/Data/Intensities/BaseCalls/BR-Lib3-No-IFN_S12_L001_R1_001.fastq.gz
lib1-Huh-7.5-210313,/shared/ngs/illumina/bloom_lab/210312_D00300_1192_BHKHNYBCX3/Unaligned/Project_dbacsik/BR_0_IFN_Lib1_S2_R1_001.fastq.gz
lib2-Huh-7.5-210313,/shared/ngs/illumina/bloom_lab/210312_D00300_1192_BHKHNYBCX3/Unaligned/Project_dbacsik/BR_0_IFN_Lib2_S3_R1_001.fastq.gz
lib3-Huh-7.5-210313,/shared/ngs/illumina/bloom_lab/210312_D00300_1192_BHKHNYBCX3/Unaligned/Project_dbacsik/BR_0_IFN_Lib3_S4_R1_001.fastq.gz
wt-Huh-7.5-210313,/shared/ngs/illumina/bloom_lab/210312_D00300_1192_BHKHNYBCX3/Unaligned/Project_dbacsik/BR_0_IFN_WT_S1_R1_001.fastq.gz
wt-C6-36-220225,/shared/ngs/illumina/bloom_lab/220225_M04866_0515_000000000-K5JDB/Unaligned/Project_bloom_lab/WT_S4_R1_001.fastq.gz
lib1-C6-36-220225,/shared/ngs/illumina/bloom_lab/220225_M04866_0515_000000000-K5JDB/Unaligned/Project_bloom_lab/Lib1_S1_R1_001.fastq.gz
lib2-C6-36-220225,/shared/ngs/illumina/bloom_lab/220225_M04866_0515_000000000-K5JDB/Unaligned/Project_bloom_lab/Lib2_S2_R1_001.fastq.gz
lib3-C6-36-220225,/shared/ngs/illumina/bloom_lab/220225_M04866_0515_000000000-K5JDB/Unaligned/Project_bloom_lab/Lib3_S3_R1_001.fastq.gz
wt-C6-36-220415,/shared/ngs/illumina/bloom_lab/220415_M00492_0013_000000000-KC5RK/Unaligned/Project_bloom_lab/WT_S4_R1_001.fastq.gz
lib1-C6-36-220415,/shared/ngs/illumina/bloom_lab/220415_M00492_0013_000000000-KC5RK/Unaligned/Project_bloom_lab/Lib1_S1_R1_001.fastq.gz
lib2-C6-36-220415,/shared/ngs/illumina/bloom_lab/220415_M00492_0013_000000000-KC5RK/Unaligned/Project_bloom_lab/Lib2_S2_R1_001.fastq.gz
lib3-C6-36-220415,/shared/ngs/illumina/bloom_lab/220415_M00492_0013_000000000-KC5RK/Unaligned/Project_bloom_lab/Lib3_S3_R1_001.fastq.gz
wt-C6-36-FebApr-2022,/fh/fast/bloom_j/computational_notebooks/ckikawa/2022/ZIKV_DMS_NS5_EvansLab/data/concat_c636/concatenated_WT_S4_R1_001.fastq.gz
lib1-C6-36-FebApr-2022,/fh/fast/bloom_j/computational_notebooks/ckikawa/2022/ZIKV_DMS_NS5_EvansLab/data/concat_c636/concatenated_lib1_S1_R1_001.fastq.gz
lib2-C6-36-FebApr-2022,/fh/fast/bloom_j/computational_notebooks/ckikawa/2022/ZIKV_DMS_NS5_EvansLab/data/concat_c636/concatenated_lib2_S2_R1_001.fastq.gz
lib3-C6-36-FebApr-2022,/fh/fast/bloom_j/computational_notebooks/ckikawa/2022/ZIKV_DMS_NS5_EvansLab/data/concat_c636/concatenated_lib3_S3_R1_001.fastq.gz


INFO:dms2_batch_bcsubamp:Running dms2_bcsubamp on all samples using 36 CPUs...
INFO:dms2_batch_bcsubamp:Completed runs of dms2_bcsubamp.

ERROR:dms2_batch_bcsubamp:Terminating dms2_batch_bcsubamp with ERROR
Traceback (most recent call last):
  File "/home/ckikawa/.conda/envs/ZIKV_DMS_NS5_EvansLab/bin/dms2_batch_bcsubamp", line 148, in main
    assert all(map(os.path.isfile, batchruns[filename].values)), (
AssertionError: Did not create all these files:
results/tile_1/codoncounts/wt-plasmid-201112_codoncounts.csv
results/tile_1/codoncounts/lib1-plasmid-201112_codoncounts.csv
results/tile_1/codoncounts/lib2-plasmid-201112_codoncounts.csv
results/tile_1/codoncounts/lib3-plasmid-201112_codoncounts.csv
results/tile_1/codoncounts/wt-Huh-7.5-201112_codoncounts.csv
results/tile_1/codoncounts/lib1-Huh-7.5-201112_codoncounts.csv
results/tile_1/codoncounts/lib2-Huh-7.5-201112_codoncounts.csv
results/tile_1/codoncounts/lib3-Huh-7.5-201112_codoncounts.csv
results/tile_1/codoncounts/lib1-Huh-7.5-210313_codoncounts.csv
results/tile_1/codoncounts/lib2-Huh-7.5-210313_codoncounts.csv
results/tile_1/codoncounts/lib3-Huh-7.5-210313_codoncounts.csv
results/tile_1/codoncounts/wt-Huh-7.5-210313_codoncounts.csv
results/tile_1/codoncounts/wt-C6-36-220225_codoncounts.csv
results/tile_1/codoncounts/lib1-C6-36-220225_codoncounts.csv
results/tile_1/codoncounts/lib2-C6-36-220225_codoncounts.csv
results/tile_1/codoncounts/lib3-C6-36-220225_codoncounts.csv
results/tile_1/codoncounts/wt-C6-36-220415_codoncounts.csv
results/tile_1/codoncounts/lib1-C6-36-220415_codoncounts.csv
results/tile_1/codoncounts/lib2-C6-36-220415_codoncounts.csv
results/tile_1/codoncounts/lib3-C6-36-220415_codoncounts.csv
results/tile_1/codoncounts/wt-C6-36-FebApr-2022_codoncounts.csv
results/tile_1/codoncounts/lib1-C6-36-FebApr-2022_codoncounts.csv
results/tile_1/codoncounts/lib2-C6-36-FebApr-2022_codoncounts.csv
results/tile_1/codoncounts/lib3-C6-36-FebApr-2022_codoncounts.csv

Look in following log files for details of what went wrong:
results/tile_1/codoncounts/wt-plasmid-201112.log
results/tile_1/codoncounts/lib1-plasmid-201112.log
results/tile_1/codoncounts/lib2-plasmid-201112.log
results/tile_1/codoncounts/lib3-plasmid-201112.log
results/tile_1/codoncounts/wt-Huh-7.5-201112.log
results/tile_1/codoncounts/lib1-Huh-7.5-201112.log
results/tile_1/codoncounts/lib2-Huh-7.5-201112.log
results/tile_1/codoncounts/lib3-Huh-7.5-201112.log
results/tile_1/codoncounts/lib1-Huh-7.5-210313.log
results/tile_1/codoncounts/lib2-Huh-7.5-210313.log
results/tile_1/codoncounts/lib3-Huh-7.5-210313.log
results/tile_1/codoncounts/wt-Huh-7.5-210313.log
results/tile_1/codoncounts/wt-C6-36-220225.log
results/tile_1/codoncounts/lib1-C6-36-220225.log
results/tile_1/codoncounts/lib2-C6-36-220225.log
results/tile_1/codoncounts/lib3-C6-36-220225.log
results/tile_1/codoncounts/wt-C6-36-220415.log
results/tile_1/codoncounts/lib1-C6-36-220415.log
results/tile_1/codoncounts/lib2-C6-36-220415.log
results/tile_1/codoncounts/lib3-C6-36-220415.log
results/tile_1/codoncounts/wt-C6-36-FebApr-2022.log
results/tile_1/codoncounts/lib1-C6-36-FebApr-2022.log
results/tile_1/codoncounts/lib2-C6-36-FebApr-2022.log
results/tile_1/codoncounts/lib3-C6-36-FebApr-2022.log
AssertionError: INFO:dms2_batch_bcsubamp:Beginning execution of dms2_batch_bcsubamp in directory /fh/fast/bloom_j/computational_notebooks/ckikawa/2022/ZIKV_DMS_NS5_EvansLab

INFO:dms2_batch_bcsubamp:Progress is being logged to results/tile_1/codoncounts/summary.log
INFO:dms2_batch_bcsubamp:Version information:
	Time and date: Wed May 11 09:09:37 2022
	Platform: Linux-4.15.0-136-generic-x86_64-with-glibc2.10
	Python version: 3.8.13 | packaged by conda-forge | (default, Mar 25 2022, 06:04:10)  [GCC 10.3.0]
	dms_tools2 version: 2.6.10
	Bio version: 1.79
	pandas version: 0.25.3
	numpy version: 1.19.5
	IPython version: 8.3.0
	jupyter version: 1.0.0
	matplotlib version: 3.2.2
	plotnine version: 0.6.0
	natsort version: 8.1.0
	pystan version: 2.19.1.1
	scipy version: 1.5.2
	seaborn version: 0.10.1
	phydmslib version: 2.4.1
	statsmodels version: 0.11.1
	rpy2 cannot be imported
	regex version: 2.5.114
	umi_tools version: 1.1.2

INFO:dms2_batch_bcsubamp:Parsed the following arguments:
	outdir = results/tile_1/codoncounts
	ncpus = 72
	use_existing = yes
	refseq = data/tile_1_amplicon.fasta
	alignspecs = ['1,333,30,30']
	bclen = 8
	fastqdir = None
	R2 = None
	R1trim = [210]
	R2trim = [210]
	bclen2 = None
	chartype = codon
	maxmuts = 4
	minq = 15
	minreads = 2
	minfraccall = 0.95
	minconcur = 0.75
	sitemask = None
	purgeread = 0
	purgebc = 0
	bcinfo = False
	bcinfo_csv = False
	batchfile = results/tile_1/codoncounts/batch.csv
	summaryprefix = summary

INFO:dms2_batch_bcsubamp:Parsing sample info from results/tile_1/codoncounts/batch.csv
INFO:dms2_batch_bcsubamp:Read the following sample information:
name,R1
wt-plasmid-201112,/shared/ngs/illumina/bloom_lab/201112_M04866_0426_000000000-JBYVJ_new-demux/Data/Intensities/BaseCalls/BR-WT-plasmid_S5_L001_R1_001.fastq.gz
lib1-plasmid-201112,/shared/ngs/illumina/bloom_lab/201112_M04866_0426_000000000-JBYVJ_new-demux/Data/Intensities/BaseCalls/BR-Lib1-plasmid_S6_L001_R1_001.fastq.gz
lib2-plasmid-201112,/shared/ngs/illumina/bloom_lab/201112_M04866_0426_000000000-JBYVJ_new-demux/Data/Intensities/BaseCalls/BR-Lib2-plasmid_S7_L001_R1_001.fastq.gz
lib3-plasmid-201112,/shared/ngs/illumina/bloom_lab/201112_M04866_0426_000000000-JBYVJ_new-demux/Data/Intensities/BaseCalls/BR-Lib3-plasmid_S8_L001_R1_001.fastq.gz
wt-Huh-7.5-201112,/shared/ngs/illumina/bloom_lab/201112_M04866_0426_000000000-JBYVJ_new-demux/Data/Intensities/BaseCalls/BR-WT-No-IFN_S9_L001_R1_001.fastq.gz
lib1-Huh-7.5-201112,/shared/ngs/illumina/bloom_lab/201112_M04866_0426_000000000-JBYVJ_new-demux/Data/Intensities/BaseCalls/BR-Lib1-No-IFN_S10_L001_R1_001.fastq.gz
lib2-Huh-7.5-201112,/shared/ngs/illumina/bloom_lab/201112_M04866_0426_000000000-JBYVJ_new-demux/Data/Intensities/BaseCalls/BR-Lib2-No-IFN_S11_L001_R1_001.fastq.gz
lib3-Huh-7.5-201112,/shared/ngs/illumina/bloom_lab/201112_M04866_0426_000000000-JBYVJ_new-demux/Data/Intensities/BaseCalls/BR-Lib3-No-IFN_S12_L001_R1_001.fastq.gz
lib1-Huh-7.5-210313,/shared/ngs/illumina/bloom_lab/210312_D00300_1192_BHKHNYBCX3/Unaligned/Project_dbacsik/BR_0_IFN_Lib1_S2_R1_001.fastq.gz
lib2-Huh-7.5-210313,/shared/ngs/illumina/bloom_lab/210312_D00300_1192_BHKHNYBCX3/Unaligned/Project_dbacsik/BR_0_IFN_Lib2_S3_R1_001.fastq.gz
lib3-Huh-7.5-210313,/shared/ngs/illumina/bloom_lab/210312_D00300_1192_BHKHNYBCX3/Unaligned/Project_dbacsik/BR_0_IFN_Lib3_S4_R1_001.fastq.gz
wt-Huh-7.5-210313,/shared/ngs/illumina/bloom_lab/210312_D00300_1192_BHKHNYBCX3/Unaligned/Project_dbacsik/BR_0_IFN_WT_S1_R1_001.fastq.gz
wt-C6-36-220225,/shared/ngs/illumina/bloom_lab/220225_M04866_0515_000000000-K5JDB/Unaligned/Project_bloom_lab/WT_S4_R1_001.fastq.gz
lib1-C6-36-220225,/shared/ngs/illumina/bloom_lab/220225_M04866_0515_000000000-K5JDB/Unaligned/Project_bloom_lab/Lib1_S1_R1_001.fastq.gz
lib2-C6-36-220225,/shared/ngs/illumina/bloom_lab/220225_M04866_0515_000000000-K5JDB/Unaligned/Project_bloom_lab/Lib2_S2_R1_001.fastq.gz
lib3-C6-36-220225,/shared/ngs/illumina/bloom_lab/220225_M04866_0515_000000000-K5JDB/Unaligned/Project_bloom_lab/Lib3_S3_R1_001.fastq.gz
wt-C6-36-220415,/shared/ngs/illumina/bloom_lab/220415_M00492_0013_000000000-KC5RK/Unaligned/Project_bloom_lab/WT_S4_R1_001.fastq.gz
lib1-C6-36-220415,/shared/ngs/illumina/bloom_lab/220415_M00492_0013_000000000-KC5RK/Unaligned/Project_bloom_lab/Lib1_S1_R1_001.fastq.gz
lib2-C6-36-220415,/shared/ngs/illumina/bloom_lab/220415_M00492_0013_000000000-KC5RK/Unaligned/Project_bloom_lab/Lib2_S2_R1_001.fastq.gz
lib3-C6-36-220415,/shared/ngs/illumina/bloom_lab/220415_M00492_0013_000000000-KC5RK/Unaligned/Project_bloom_lab/Lib3_S3_R1_001.fastq.gz
wt-C6-36-FebApr-2022,/fh/fast/bloom_j/computational_notebooks/ckikawa/2022/ZIKV_DMS_NS5_EvansLab/data/concat_c636/concatenated_WT_S4_R1_001.fastq.gz
lib1-C6-36-FebApr-2022,/fh/fast/bloom_j/computational_notebooks/ckikawa/2022/ZIKV_DMS_NS5_EvansLab/data/concat_c636/concatenated_lib1_S1_R1_001.fastq.gz
lib2-C6-36-FebApr-2022,/fh/fast/bloom_j/computational_notebooks/ckikawa/2022/ZIKV_DMS_NS5_EvansLab/data/concat_c636/concatenated_lib2_S2_R1_001.fastq.gz
lib3-C6-36-FebApr-2022,/fh/fast/bloom_j/computational_notebooks/ckikawa/2022/ZIKV_DMS_NS5_EvansLab/data/concat_c636/concatenated_lib3_S3_R1_001.fastq.gz


INFO:dms2_batch_bcsubamp:Running dms2_bcsubamp on all samples using 36 CPUs...
INFO:dms2_batch_bcsubamp:Completed runs of dms2_bcsubamp.

ERROR:dms2_batch_bcsubamp:Terminating dms2_batch_bcsubamp with ERROR
Traceback (most recent call last):
  File "/home/ckikawa/.conda/envs/ZIKV_DMS_NS5_EvansLab/bin/dms2_batch_bcsubamp", line 148, in main
    assert all(map(os.path.isfile, batchruns[filename].values)), (
AssertionError: Did not create all these files:
results/tile_1/codoncounts/wt-plasmid-201112_codoncounts.csv
results/tile_1/codoncounts/lib1-plasmid-201112_codoncounts.csv
results/tile_1/codoncounts/lib2-plasmid-201112_codoncounts.csv
results/tile_1/codoncounts/lib3-plasmid-201112_codoncounts.csv
results/tile_1/codoncounts/wt-Huh-7.5-201112_codoncounts.csv
results/tile_1/codoncounts/lib1-Huh-7.5-201112_codoncounts.csv
results/tile_1/codoncounts/lib2-Huh-7.5-201112_codoncounts.csv
results/tile_1/codoncounts/lib3-Huh-7.5-201112_codoncounts.csv
results/tile_1/codoncounts/lib1-Huh-7.5-210313_codoncounts.csv
results/tile_1/codoncounts/lib2-Huh-7.5-210313_codoncounts.csv
results/tile_1/codoncounts/lib3-Huh-7.5-210313_codoncounts.csv
results/tile_1/codoncounts/wt-Huh-7.5-210313_codoncounts.csv
results/tile_1/codoncounts/wt-C6-36-220225_codoncounts.csv
results/tile_1/codoncounts/lib1-C6-36-220225_codoncounts.csv
results/tile_1/codoncounts/lib2-C6-36-220225_codoncounts.csv
results/tile_1/codoncounts/lib3-C6-36-220225_codoncounts.csv
results/tile_1/codoncounts/wt-C6-36-220415_codoncounts.csv
results/tile_1/codoncounts/lib1-C6-36-220415_codoncounts.csv
results/tile_1/codoncounts/lib2-C6-36-220415_codoncounts.csv
results/tile_1/codoncounts/lib3-C6-36-220415_codoncounts.csv
results/tile_1/codoncounts/wt-C6-36-FebApr-2022_codoncounts.csv
results/tile_1/codoncounts/lib1-C6-36-FebApr-2022_codoncounts.csv
results/tile_1/codoncounts/lib2-C6-36-FebApr-2022_codoncounts.csv
results/tile_1/codoncounts/lib3-C6-36-FebApr-2022_codoncounts.csv

Look in following log files for details of what went wrong:
results/tile_1/codoncounts/wt-plasmid-201112.log
results/tile_1/codoncounts/lib1-plasmid-201112.log
results/tile_1/codoncounts/lib2-plasmid-201112.log
results/tile_1/codoncounts/lib3-plasmid-201112.log
results/tile_1/codoncounts/wt-Huh-7.5-201112.log
results/tile_1/codoncounts/lib1-Huh-7.5-201112.log
results/tile_1/codoncounts/lib2-Huh-7.5-201112.log
results/tile_1/codoncounts/lib3-Huh-7.5-201112.log
results/tile_1/codoncounts/lib1-Huh-7.5-210313.log
results/tile_1/codoncounts/lib2-Huh-7.5-210313.log
results/tile_1/codoncounts/lib3-Huh-7.5-210313.log
results/tile_1/codoncounts/wt-Huh-7.5-210313.log
results/tile_1/codoncounts/wt-C6-36-220225.log
results/tile_1/codoncounts/lib1-C6-36-220225.log
results/tile_1/codoncounts/lib2-C6-36-220225.log
results/tile_1/codoncounts/lib3-C6-36-220225.log
results/tile_1/codoncounts/wt-C6-36-220415.log
results/tile_1/codoncounts/lib1-C6-36-220415.log
results/tile_1/codoncounts/lib2-C6-36-220415.log
results/tile_1/codoncounts/lib3-C6-36-220415.log
results/tile_1/codoncounts/wt-C6-36-FebApr-2022.log
results/tile_1/codoncounts/lib1-C6-36-FebApr-2022.log
results/tile_1/codoncounts/lib2-C6-36-FebApr-2022.log
results/tile_1/codoncounts/lib3-C6-36-FebApr-2022.log

[Wed May 11 09:13:18 2022]
Error in rule dms_tile_analysis:
    jobid: 1
    output: results/tile_1, results/tile_1/dms_view/data.csv
    log: results/notebooks/dms_tile_1_analysis.ipynb (check log file(s) for error message)

RuleException:
CalledProcessError in line 62 of /fh/fast/bloom_j/computational_notebooks/ckikawa/2022/ZIKV_DMS_NS5_EvansLab/Snakefile:
Command 'jupyter-nbconvert --log-level ERROR --execute --output /fh/fast/bloom_j/computational_notebooks/ckikawa/2022/ZIKV_DMS_NS5_EvansLab/results/notebooks/dms_tile_1_analysis.ipynb --to notebook --ExecutePreprocessor.timeout=-1 /fh/fast/bloom_j/computational_notebooks/ckikawa/2022/ZIKV_DMS_NS5_EvansLab/.snakemake/scripts/tmpy1k7wny5.dms_tile_analysis.py.ipynb' returned non-zero exit status 1.
  File "/fh/fast/bloom_j/computational_notebooks/ckikawa/2022/ZIKV_DMS_NS5_EvansLab/Snakefile", line 62, in __rule_dms_tile_analysis
  File "/home/ckikawa/.conda/envs/ZIKV_DMS_NS5_EvansLab/lib/python3.8/concurrent/futures/thread.py", line 57, in run
Shutting down, this might take some time.
Exiting because a job execution failed. Look above for error message
Complete log: /fh/fast/bloom_j/computational_notebooks/ckikawa/2022/ZIKV_DMS_NS5_EvansLab/.snakemake/log/2022-05-11T090814.256384.snakemake.log
